<?xml version="1.0" encoding="UTF-8"?>
<testng-results skipped="0" failed="1" ignored="0" total="1" passed="0">
  <reporter-output>
  </reporter-output>
  <suite name="Default suite" duration-ms="24909" started-at="2021-12-28T01:42:29 IST" finished-at="2021-12-28T01:42:54 IST">
    <groups>
      <group name="smokeSuite">
        <method signature="CreateContactsTest.createContactsTest()[pri:0, instance:com.crm.autodesk.contactsTest.CreateContactsTest@4923ab24]" name="createContactsTest" class="com.crm.autodesk.contactsTest.CreateContactsTest"/>
      </group> <!-- smokeSuite -->
    </groups>
    <test name="Default test" duration-ms="24909" started-at="2021-12-28T01:42:29 IST" finished-at="2021-12-28T01:42:54 IST">
      <class name="com.crm.autodesk.contactsTest.CreateContactsTest">
        <test-method status="PASS" signature="openDataBaseConnection()[pri:0, instance:com.crm.autodesk.contactsTest.CreateContactsTest@4923ab24]" name="openDataBaseConnection" is-config="true" duration-ms="341" started-at="2021-12-28T01:42:29 IST" finished-at="2021-12-28T01:42:29 IST">
          <reporter-output>
          </reporter-output>
        </test-method> <!-- openDataBaseConnection -->
        <test-method status="PASS" signature="launchBrowser()[pri:0, instance:com.crm.autodesk.contactsTest.CreateContactsTest@4923ab24]" name="launchBrowser" is-config="true" duration-ms="6738" started-at="2021-12-28T01:42:29 IST" finished-at="2021-12-28T01:42:36 IST">
          <reporter-output>
          </reporter-output>
        </test-method> <!-- launchBrowser -->
        <test-method status="PASS" signature="LoginToApp()[pri:0, instance:com.crm.autodesk.contactsTest.CreateContactsTest@4923ab24]" name="LoginToApp" is-config="true" duration-ms="4790" started-at="2021-12-28T01:42:36 IST" finished-at="2021-12-28T01:42:41 IST">
          <reporter-output>
          </reporter-output>
        </test-method> <!-- LoginToApp -->
        <test-method status="FAIL" signature="createContactsTest()[pri:0, instance:com.crm.autodesk.contactsTest.CreateContactsTest@4923ab24]" name="createContactsTest" duration-ms="9983" started-at="2021-12-28T01:42:41 IST" finished-at="2021-12-28T01:42:51 IST">
          <exception class="java.lang.AssertionError">
            <message>
              <![CDATA[Failed in 32nd Line]]>
            </message>
            <full-stacktrace>
              <![CDATA[java.lang.AssertionError: Failed in 32nd Line
at org.testng.Assert.fail(Assert.java:99)
at com.crm.autodesk.contactsTest.CreateContactsTest.createContactsTest(CreateContactsTest.java:35)
at sun.reflect.NativeMethodAccessorImpl.invoke0(Native Method)
at sun.reflect.NativeMethodAccessorImpl.invoke(Unknown Source)
at sun.reflect.DelegatingMethodAccessorImpl.invoke(Unknown Source)
at java.lang.reflect.Method.invoke(Unknown Source)
at org.testng.internal.MethodInvocationHelper.invokeMethod(MethodInvocationHelper.java:133)
at org.testng.internal.TestInvoker.invokeMethod(TestInvoker.java:598)
at org.testng.internal.TestInvoker.invokeTestMethod(TestInvoker.java:173)
at org.testng.internal.MethodRunner.runInSequence(MethodRunner.java:46)
at org.testng.internal.TestInvoker$MethodInvocationAgent.invoke(TestInvoker.java:824)
at org.testng.internal.TestInvoker.invokeTestMethods(TestInvoker.java:146)
at org.testng.internal.TestMethodWorker.invokeTestMethods(TestMethodWorker.java:146)
at org.testng.internal.TestMethodWorker.run(TestMethodWorker.java:128)
at java.util.ArrayList.forEach(Unknown Source)
at org.testng.TestRunner.privateRun(TestRunner.java:794)
at org.testng.TestRunner.run(TestRunner.java:596)
at org.testng.SuiteRunner.runTest(SuiteRunner.java:377)
at org.testng.SuiteRunner.runSequentially(SuiteRunner.java:371)
at org.testng.SuiteRunner.privateRun(SuiteRunner.java:332)
at org.testng.SuiteRunner.run(SuiteRunner.java:276)
at org.testng.SuiteRunnerWorker.runSuite(SuiteRunnerWorker.java:53)
at org.testng.SuiteRunnerWorker.run(SuiteRunnerWorker.java:96)
at org.testng.TestNG.runSuitesSequentially(TestNG.java:1212)
at org.testng.TestNG.runSuitesLocally(TestNG.java:1134)
at org.testng.TestNG.runSuites(TestNG.java:1063)
at org.testng.TestNG.run(TestNG.java:1031)
at org.testng.remote.AbstractRemoteTestNG.run(AbstractRemoteTestNG.java:115)
at org.testng.remote.RemoteTestNG.initAndRun(RemoteTestNG.java:251)
at org.testng.remote.RemoteTestNG.main(RemoteTestNG.java:77)
]]>
            </full-stacktrace>
          </exception> <!-- java.lang.AssertionError -->
          <reporter-output>
          </reporter-output>
        </test-method> <!-- createContactsTest -->
        <test-method status="PASS" signature="logoutApp()[pri:0, instance:com.crm.autodesk.contactsTest.CreateContactsTest@4923ab24]" name="logoutApp" is-config="true" duration-ms="2222" started-at="2021-12-28T01:42:51 IST" finished-at="2021-12-28T01:42:53 IST">
          <reporter-output>
          </reporter-output>
        </test-method> <!-- logoutApp -->
        <test-method status="PASS" signature="closeBrowser()[pri:0, instance:com.crm.autodesk.contactsTest.CreateContactsTest@4923ab24]" name="closeBrowser" is-config="true" duration-ms="805" started-at="2021-12-28T01:42:53 IST" finished-at="2021-12-28T01:42:54 IST">
          <reporter-output>
          </reporter-output>
        </test-method> <!-- closeBrowser -->
        <test-method status="PASS" signature="closeDBConnection()[pri:0, instance:com.crm.autodesk.contactsTest.CreateContactsTest@4923ab24]" name="closeDBConnection" is-config="true" duration-ms="11" started-at="2021-12-28T01:42:54 IST" finished-at="2021-12-28T01:42:54 IST">
          <reporter-output>
          </reporter-output>
        </test-method> <!-- closeDBConnection -->
      </class> <!-- com.crm.autodesk.contactsTest.CreateContactsTest -->
    </test> <!-- Default test -->
  </suite> <!-- Default suite -->
</testng-results>
